0 info it worked if it ends with ok
1 verbose cli [ 'C:\\Program Files\\nodejs\\node.exe',
1 verbose cli   'C:\\Program Files\\nodejs\\node_modules\\npm\\bin\\npm-cli.js',
1 verbose cli   'run',
1 verbose cli   'tsc:w' ]
2 info using npm@4.1.2
3 info using node@v7.5.0
4 verbose run-script [ 'pretsc:w', 'tsc:w', 'posttsc:w' ]
5 info lifecycle project_three@1.0.0~pretsc:w: project_three@1.0.0
6 silly lifecycle project_three@1.0.0~pretsc:w: no script for pretsc:w, continuing
7 info lifecycle project_three@1.0.0~tsc:w: project_three@1.0.0
8 verbose lifecycle project_three@1.0.0~tsc:w: unsafe-perm in lifecycle true
9 verbose lifecycle project_three@1.0.0~tsc:w: PATH: C:\Program Files\nodejs\node_modules\npm\bin\node-gyp-bin;E:\xampp\htdocs\angular\project_four\node_modules\.bin;C:\Program Files\nodejs\node_modules\npm\bin\node-gyp-bin;E:\xampp\htdocs\angular\project_four\node_modules\.bin;C:\ProgramData\Oracle\Java\javapath;C:\WINDOWS\system32;C:\WINDOWS;C:\WINDOWS\System32\Wbem;C:\WINDOWS\System32\WindowsPowerShell\v1.0\;C:\Program Files (x86)\Skype\Phone\;C:\Program Files\TortoiseSVN\bin;C:\Program Files\TortoiseGit\bin;C:\Python27;C:\Program Files\nodejs\;E:\xampp\php;C:\Users\Truongdx\AppData\Local\Microsoft\WindowsApps;C:\Users\Truongdx\AppData\Roaming\npm;C:\Users\Truongdx\AppData\Local\.meteor\
10 verbose lifecycle project_three@1.0.0~tsc:w: CWD: E:\xampp\htdocs\angular\project_four
11 silly lifecycle project_three@1.0.0~tsc:w: Args: [ '/d /s /c', 'tsc -w' ]
12 silly lifecycle project_three@1.0.0~tsc:w: Returned: code: 3221225786  signal: null
13 info lifecycle project_three@1.0.0~tsc:w: Failed to exec tsc:w script
14 verbose stack Error: project_three@1.0.0 tsc:w: `tsc -w`
14 verbose stack Exit status 3221225786
14 verbose stack     at EventEmitter.<anonymous> (C:\Program Files\nodejs\node_modules\npm\lib\utils\lifecycle.js:279:16)
14 verbose stack     at emitTwo (events.js:106:13)
14 verbose stack     at EventEmitter.emit (events.js:192:7)
14 verbose stack     at ChildProcess.<anonymous> (C:\Program Files\nodejs\node_modules\npm\lib\utils\spawn.js:40:14)
14 verbose stack     at emitTwo (events.js:106:13)
14 verbose stack     at ChildProcess.emit (events.js:192:7)
14 verbose stack     at maybeClose (internal/child_process.js:890:16)
14 verbose stack     at Process.ChildProcess._handle.onexit (internal/child_process.js:226:5)
15 verbose pkgid project_three@1.0.0
16 verbose cwd E:\xampp\htdocs\angular\project_four
17 error Windows_NT 10.0.14393
18 error argv "C:\\Program Files\\nodejs\\node.exe" "C:\\Program Files\\nodejs\\node_modules\\npm\\bin\\npm-cli.js" "run" "tsc:w"
19 error node v7.5.0
20 error npm  v4.1.2
21 error code ELIFECYCLE
22 error project_three@1.0.0 tsc:w: `tsc -w`
22 error Exit status 3221225786
23 error Failed at the project_three@1.0.0 tsc:w script 'tsc -w'.
23 error Make sure you have the latest version of node.js and npm installed.
23 error If you do, this is most likely a problem with the project_three package,
23 error not with npm itself.
23 error Tell the author that this fails on your system:
23 error     tsc -w
23 error You can get information on how to open an issue for this project with:
23 error     npm bugs project_three
23 error Or if that isn't available, you can get their info via:
23 error     npm owner ls project_three
23 error There is likely additional logging output above.
24 verbose exit [ 1, true ]
